Build_Android/unityLibrary/build/intermediates/manifest_merge_blame_file/debug/processDebugManifest/manifest-merger-blame-debug-report.txt
1<?xml version="1.0" encoding="utf-8"?>
2<manifest xmlns:android="http://schemas.android.com/apk/res/android"
3    xmlns:tools="http://schemas.android.com/tools"
4    package="com.unity3d.player" >
5
6    <uses-sdk android:minSdkVersion="26" />
7
8    <uses-permission android:name="android.permission.INTERNET" />
8-->src/main/AndroidManifest.xml:3:3-65
8-->src/main/AndroidManifest.xml:3:20-62
9    <uses-permission android:name="android.permission.VIBRATE" />
9-->src/main/AndroidManifest.xml:4:3-64
9-->src/main/AndroidManifest.xml:4:20-61
10
11    <uses-feature android:glEsVersion="0x00030000" />
11-->src/main/AndroidManifest.xml:5:3-52
11-->src/main/AndroidManifest.xml:5:17-49
12    <uses-feature
12-->src/main/AndroidManifest.xml:6:3-88
13        android:name="android.hardware.touchscreen"
13-->src/main/AndroidManifest.xml:6:17-60
14        android:required="false" />
14-->src/main/AndroidManifest.xml:6:61-85
15    <uses-feature
15-->src/main/AndroidManifest.xml:7:3-99
16        android:name="android.hardware.touchscreen.multitouch"
16-->src/main/AndroidManifest.xml:7:17-71
17        android:required="false" />
17-->src/main/AndroidManifest.xml:7:72-96
18    <uses-feature
18-->src/main/AndroidManifest.xml:8:3-108
19        android:name="android.hardware.touchscreen.multitouch.distinct"
19-->src/main/AndroidManifest.xml:8:17-80
20        android:required="false" />
20-->src/main/AndroidManifest.xml:8:81-105
21
22    <uses-permission android:name="android.permission.CAMERA" />
22-->src/main/AndroidManifest.xml:32:3-63
22-->src/main/AndroidManifest.xml:32:20-60
23
24    <uses-feature
24-->src/main/AndroidManifest.xml:33:3-85
25        android:name="android.hardware.camera.ar"
25-->src/main/AndroidManifest.xml:33:17-58
26        android:required="true" />
26-->src/main/AndroidManifest.xml:33:59-82
27    <uses-feature
27-->src/main/AndroidManifest.xml:34:3-83
28        android:name="com.google.ar.core.depth"
28-->src/main/AndroidManifest.xml:34:17-56
29        android:required="true" />
29-->src/main/AndroidManifest.xml:34:57-80
30
31    <application
31-->src/main/AndroidManifest.xml:9:3-31:17
32        android:enableOnBackInvokedCallback="false"
32-->src/main/AndroidManifest.xml:9:16-59
33        android:extractNativeLibs="true" >
33-->src/main/AndroidManifest.xml:9:60-92
34        <meta-data
34-->src/main/AndroidManifest.xml:10:5-69
35            android:name="unity.splash-mode"
35-->src/main/AndroidManifest.xml:10:16-48
36            android:value="0" />
36-->src/main/AndroidManifest.xml:10:49-66
37        <meta-data
37-->src/main/AndroidManifest.xml:11:5-74
38            android:name="unity.splash-enable"
38-->src/main/AndroidManifest.xml:11:16-50
39            android:value="True" />
39-->src/main/AndroidManifest.xml:11:51-71
40        <meta-data
40-->src/main/AndroidManifest.xml:12:5-78
41            android:name="unity.launch-fullscreen"
41-->src/main/AndroidManifest.xml:12:16-54
42            android:value="True" />
42-->src/main/AndroidManifest.xml:12:55-75
43        <meta-data
43-->src/main/AndroidManifest.xml:13:5-84
44            android:name="unity.render-outside-safearea"
44-->src/main/AndroidManifest.xml:13:16-60
45            android:value="True" />
45-->src/main/AndroidManifest.xml:13:61-81
46        <meta-data
46-->src/main/AndroidManifest.xml:14:5-81
47            android:name="notch.config"
47-->src/main/AndroidManifest.xml:14:16-43
48            android:value="portrait|landscape" />
48-->src/main/AndroidManifest.xml:14:44-78
49        <meta-data
49-->src/main/AndroidManifest.xml:15:5-84
50            android:name="unity.auto-report-fully-drawn"
50-->src/main/AndroidManifest.xml:15:16-60
51            android:value="true" />
51-->src/main/AndroidManifest.xml:15:61-81
52        <meta-data
52-->src/main/AndroidManifest.xml:16:5-80
53            android:name="unity.auto-set-game-state"
53-->src/main/AndroidManifest.xml:16:16-56
54            android:value="true" />
54-->src/main/AndroidManifest.xml:16:57-77
55        <meta-data
55-->src/main/AndroidManifest.xml:17:5-78
56            android:name="unity.strip-engine-code"
56-->src/main/AndroidManifest.xml:17:16-54
57            android:value="true" />
57-->src/main/AndroidManifest.xml:17:55-75
58
59        <activity
59-->src/main/AndroidManifest.xml:18:5-28:16
60            android:name="com.unity3d.player.UnityPlayerGameActivity"
60-->src/main/AndroidManifest.xml:18:312-369
61            android:configChanges="mcc|mnc|locale|touchscreen|keyboard|keyboardHidden|navigation|orientation|screenLayout|uiMode|screenSize|smallestScreenSize|fontScale|layoutDirection|density"
61-->src/main/AndroidManifest.xml:18:15-196
62            android:enabled="true"
62-->src/main/AndroidManifest.xml:18:197-219
63            android:exported="true"
63-->src/main/AndroidManifest.xml:18:220-243
64            android:hardwareAccelerated="false"
64-->src/main/AndroidManifest.xml:18:244-279
65            android:launchMode="singleTask"
65-->src/main/AndroidManifest.xml:18:280-311
66            android:resizeableActivity="true"
66-->src/main/AndroidManifest.xml:18:370-403
67            android:screenOrientation="fullUser"
67-->src/main/AndroidManifest.xml:18:404-440
68            android:theme="@style/BaseUnityGameActivityTheme" >
68-->src/main/AndroidManifest.xml:18:441-490
69            <intent-filter>
69-->src/main/AndroidManifest.xml:19:7-22:23
70                <category android:name="android.intent.category.LAUNCHER" />
70-->src/main/AndroidManifest.xml:20:9-69
70-->src/main/AndroidManifest.xml:20:19-66
71
72                <action android:name="android.intent.action.MAIN" />
72-->src/main/AndroidManifest.xml:21:9-61
72-->src/main/AndroidManifest.xml:21:17-58
73            </intent-filter>
74
75            <meta-data
75-->src/main/AndroidManifest.xml:23:7-82
76                android:name="unityplayer.UnityActivity"
76-->src/main/AndroidManifest.xml:23:18-58
77                android:value="true" />
77-->src/main/AndroidManifest.xml:23:59-79
78            <meta-data
78-->src/main/AndroidManifest.xml:24:7-77
79                android:name="android.app.lib_name"
79-->src/main/AndroidManifest.xml:24:18-53
80                android:value="game" />
80-->src/main/AndroidManifest.xml:24:54-74
81            <meta-data
81-->src/main/AndroidManifest.xml:25:7-130
82                android:name="WindowManagerPreference:FreeformWindowSize"
82-->src/main/AndroidManifest.xml:25:18-75
83                android:value="@string/FreeformWindowSize_maximize" />
83-->src/main/AndroidManifest.xml:25:76-127
84            <meta-data
84-->src/main/AndroidManifest.xml:26:7-145
85                android:name="WindowManagerPreference:FreeformWindowOrientation"
85-->src/main/AndroidManifest.xml:26:18-82
86                android:value="@string/FreeformWindowOrientation_landscape" />
86-->src/main/AndroidManifest.xml:26:83-142
87            <meta-data
87-->src/main/AndroidManifest.xml:27:7-70
88                android:name="notch_support"
88-->src/main/AndroidManifest.xml:27:18-46
89                android:value="true" />
89-->src/main/AndroidManifest.xml:27:47-67
90        </activity>
91
92        <meta-data
92-->src/main/AndroidManifest.xml:29:5-88
93            android:name="unityplayer.SkipPermissionsDialog"
93-->src/main/AndroidManifest.xml:29:16-64
94            android:value="true" />
94-->src/main/AndroidManifest.xml:29:65-85
95        <meta-data
95-->src/main/AndroidManifest.xml:30:5-77
96            android:name="com.google.ar.core"
96-->src/main/AndroidManifest.xml:30:16-49
97            android:value="required" />
97-->src/main/AndroidManifest.xml:30:50-74
98    </application>
99
100</manifest>